The system is: Linux - 5.14.0-362.18.1.el9_3.0.1.x86_64 - x86_64
Compiling the C compiler identification source file "CMakeCCompilerId.c" succeeded.
Compiler: /opt/ohpc/pub/compiler/gcc/12.2.0/bin/cc 
Build flags: 
Id flags:  

The output was:
0


Compilation of the C compiler identification source "CMakeCCompilerId.c" produced "a.out"

The C compiler identification is GNU, found in "/home/o.nedobiychuk/project1/build/CMakeFiles/3.20.2/CompilerIdC/a.out"

Compiling the CXX compiler identification source file "CMakeCXXCompilerId.cpp" succeeded.
Compiler: /opt/ohpc/pub/compiler/gcc/12.2.0/bin/c++ 
Build flags: 
Id flags:  

The output was:
0


Compilation of the CXX compiler identification source "CMakeCXXCompilerId.cpp" produced "a.out"

The CXX compiler identification is GNU, found in "/home/o.nedobiychuk/project1/build/CMakeFiles/3.20.2/CompilerIdCXX/a.out"

Detecting C compiler ABI info compiled with the following output:
Change Dir: /home/o.nedobiychuk/project1/build/CMakeFiles/CMakeTmp

Run Build Command(s):/usr/bin/gmake -f Makefile cmTC_f2bee/fast && /usr/bin/gmake  -f CMakeFiles/cmTC_f2bee.dir/build.make CMakeFiles/cmTC_f2bee.dir/build
gmake[1]: Entering directory '/home/o.nedobiychuk/project1/build/CMakeFiles/CMakeTmp'
Building C object CMakeFiles/cmTC_f2bee.dir/CMakeCCompilerABI.c.o
/opt/ohpc/pub/compiler/gcc/12.2.0/bin/cc   -v -o CMakeFiles/cmTC_f2bee.dir/CMakeCCompilerABI.c.o -c /usr/share/cmake/Modules/CMakeCCompilerABI.c
Using built-in specs.
COLLECT_GCC=/opt/ohpc/pub/compiler/gcc/12.2.0/bin/cc
Target: x86_64-pc-linux-gnu
Configured with: ../configure --disable-multilib --enable-languages=c,c++,fortran --prefix=/opt/ohpc/pub/compiler/gcc/12.2.0 --disable-static --enable-shared
Thread model: posix
Supported LTO compression algorithms: zlib
gcc version 12.2.0 (GCC) 
COLLECT_GCC_OPTIONS='-v' '-o' 'CMakeFiles/cmTC_f2bee.dir/CMakeCCompilerABI.c.o' '-c' '-mtune=generic' '-march=x86-64' '-dumpdir' 'CMakeFiles/cmTC_f2bee.dir/'
 /opt/ohpc/pub/compiler/gcc/12.2.0/libexec/gcc/x86_64-pc-linux-gnu/12.2.0/cc1 -quiet -v /usr/share/cmake/Modules/CMakeCCompilerABI.c -quiet -dumpdir CMakeFiles/cmTC_f2bee.dir/ -dumpbase CMakeCCompilerABI.c.c -dumpbase-ext .c -mtune=generic -march=x86-64 -version -o /tmp/cchh2aB2.s
GNU C17 (GCC) version 12.2.0 (x86_64-pc-linux-gnu)
	compiled by GNU C version 12.2.0, GMP version 6.2.1, MPFR version 4.1.0, MPC version 1.2.1, isl version none
GGC heuristics: --param ggc-min-expand=100 --param ggc-min-heapsize=131072
ignoring nonexistent directory "/opt/ohpc/pub/compiler/gcc/12.2.0/lib/gcc/x86_64-pc-linux-gnu/12.2.0/../../../../x86_64-pc-linux-gnu/include"
#include "..." search starts here:
#include <...> search starts here:
 /opt/ohpc/pub/compiler/gcc/12.2.0/lib/gcc/x86_64-pc-linux-gnu/12.2.0/include
 /usr/local/include
 /opt/ohpc/pub/compiler/gcc/12.2.0/include
 /opt/ohpc/pub/compiler/gcc/12.2.0/lib/gcc/x86_64-pc-linux-gnu/12.2.0/include-fixed
 /usr/include
End of search list.
GNU C17 (GCC) version 12.2.0 (x86_64-pc-linux-gnu)
	compiled by GNU C version 12.2.0, GMP version 6.2.1, MPFR version 4.1.0, MPC version 1.2.1, isl version none
GGC heuristics: --param ggc-min-expand=100 --param ggc-min-heapsize=131072
Compiler executable checksum: 1f891a89b6864e20402ed7217e2e9305
COLLECT_GCC_OPTIONS='-v' '-o' 'CMakeFiles/cmTC_f2bee.dir/CMakeCCompilerABI.c.o' '-c' '-mtune=generic' '-march=x86-64' '-dumpdir' 'CMakeFiles/cmTC_f2bee.dir/'
 as -v --64 -o CMakeFiles/cmTC_f2bee.dir/CMakeCCompilerABI.c.o /tmp/cchh2aB2.s
GNU assembler version 2.35.2 (x86_64-redhat-linux) using BFD version version 2.35.2-42.el9
COMPILER_PATH=/opt/ohpc/pub/compiler/gcc/12.2.0/libexec/gcc/x86_64-pc-linux-gnu/12.2.0/:/opt/ohpc/pub/compiler/gcc/12.2.0/libexec/gcc/x86_64-pc-linux-gnu/12.2.0/:/opt/ohpc/pub/compiler/gcc/12.2.0/libexec/gcc/x86_64-pc-linux-gnu/:/opt/ohpc/pub/compiler/gcc/12.2.0/lib/gcc/x86_64-pc-linux-gnu/12.2.0/:/opt/ohpc/pub/compiler/gcc/12.2.0/lib/gcc/x86_64-pc-linux-gnu/
LIBRARY_PATH=/opt/ohpc/pub/compiler/gcc/12.2.0/lib/gcc/x86_64-pc-linux-gnu/12.2.0/:/opt/ohpc/pub/compiler/gcc/12.2.0/lib/gcc/x86_64-pc-linux-gnu/12.2.0/../../../../lib64/:/lib/../lib64/:/usr/lib/../lib64/:/opt/ohpc/pub/compiler/gcc/12.2.0/lib/gcc/x86_64-pc-linux-gnu/12.2.0/../../../:/lib/:/usr/lib/
COLLECT_GCC_OPTIONS='-v' '-o' 'CMakeFiles/cmTC_f2bee.dir/CMakeCCompilerABI.c.o' '-c' '-mtune=generic' '-march=x86-64' '-dumpdir' 'CMakeFiles/cmTC_f2bee.dir/CMakeCCompilerABI.c.'
Linking C executable cmTC_f2bee
/usr/bin/cmake -E cmake_link_script CMakeFiles/cmTC_f2bee.dir/link.txt --verbose=1
/opt/ohpc/pub/compiler/gcc/12.2.0/bin/cc  -v CMakeFiles/cmTC_f2bee.dir/CMakeCCompilerABI.c.o -o cmTC_f2bee 
Using built-in specs.
COLLECT_GCC=/opt/ohpc/pub/compiler/gcc/12.2.0/bin/cc
COLLECT_LTO_WRAPPER=/opt/ohpc/pub/compiler/gcc/12.2.0/libexec/gcc/x86_64-pc-linux-gnu/12.2.0/lto-wrapper
Target: x86_64-pc-linux-gnu
Configured with: ../configure --disable-multilib --enable-languages=c,c++,fortran --prefix=/opt/ohpc/pub/compiler/gcc/12.2.0 --disable-static --enable-shared
Thread model: posix
Supported LTO compression algorithms: zlib
gcc version 12.2.0 (GCC) 
COMPILER_PATH=/opt/ohpc/pub/compiler/gcc/12.2.0/libexec/gcc/x86_64-pc-linux-gnu/12.2.0/:/opt/ohpc/pub/compiler/gcc/12.2.0/libexec/gcc/x86_64-pc-linux-gnu/12.2.0/:/opt/ohpc/pub/compiler/gcc/12.2.0/libexec/gcc/x86_64-pc-linux-gnu/:/opt/ohpc/pub/compiler/gcc/12.2.0/lib/gcc/x86_64-pc-linux-gnu/12.2.0/:/opt/ohpc/pub/compiler/gcc/12.2.0/lib/gcc/x86_64-pc-linux-gnu/
LIBRARY_PATH=/opt/ohpc/pub/compiler/gcc/12.2.0/lib/gcc/x86_64-pc-linux-gnu/12.2.0/:/opt/ohpc/pub/compiler/gcc/12.2.0/lib/gcc/x86_64-pc-linux-gnu/12.2.0/../../../../lib64/:/lib/../lib64/:/usr/lib/../lib64/:/opt/ohpc/pub/compiler/gcc/12.2.0/lib/gcc/x86_64-pc-linux-gnu/12.2.0/../../../:/lib/:/usr/lib/
COLLECT_GCC_OPTIONS='-v' '-o' 'cmTC_f2bee' '-mtune=generic' '-march=x86-64' '-dumpdir' 'cmTC_f2bee.'
 /opt/ohpc/pub/compiler/gcc/12.2.0/libexec/gcc/x86_64-pc-linux-gnu/12.2.0/collect2 -plugin /opt/ohpc/pub/compiler/gcc/12.2.0/libexec/gcc/x86_64-pc-linux-gnu/12.2.0/liblto_plugin.so -plugin-opt=/opt/ohpc/pub/compiler/gcc/12.2.0/libexec/gcc/x86_64-pc-linux-gnu/12.2.0/lto-wrapper -plugin-opt=-fresolution=/tmp/ccLFUQ7p.res -plugin-opt=-pass-through=-lgcc -plugin-opt=-pass-through=-lgcc_s -plugin-opt=-pass-through=-lc -plugin-opt=-pass-through=-lgcc -plugin-opt=-pass-through=-lgcc_s --eh-frame-hdr -m elf_x86_64 -dynamic-linker /lib64/ld-linux-x86-64.so.2 -o cmTC_f2bee /lib/../lib64/crt1.o /lib/../lib64/crti.o /opt/ohpc/pub/compiler/gcc/12.2.0/lib/gcc/x86_64-pc-linux-gnu/12.2.0/crtbegin.o -L/opt/ohpc/pub/compiler/gcc/12.2.0/lib/gcc/x86_64-pc-linux-gnu/12.2.0 -L/opt/ohpc/pub/compiler/gcc/12.2.0/lib/gcc/x86_64-pc-linux-gnu/12.2.0/../../../../lib64 -L/lib/../lib64 -L/usr/lib/../lib64 -L/opt/ohpc/pub/compiler/gcc/12.2.0/lib/gcc/x86_64-pc-linux-gnu/12.2.0/../../.. CMakeFiles/cmTC_f2bee.dir/CMakeCCompilerABI.c.o -lgcc --push-state --as-needed -lgcc_s --pop-state -lc -lgcc --push-state --as-needed -lgcc_s --pop-state /opt/ohpc/pub/compiler/gcc/12.2.0/lib/gcc/x86_64-pc-linux-gnu/12.2.0/crtend.o /lib/../lib64/crtn.o
COLLECT_GCC_OPTIONS='-v' '-o' 'cmTC_f2bee' '-mtune=generic' '-march=x86-64' '-dumpdir' 'cmTC_f2bee.'
gmake[1]: Leaving directory '/home/o.nedobiychuk/project1/build/CMakeFiles/CMakeTmp'



Parsed C implicit include dir info from above output: rv=done
  found start of include info
  found start of implicit include info
    add: [/opt/ohpc/pub/compiler/gcc/12.2.0/lib/gcc/x86_64-pc-linux-gnu/12.2.0/include]
    add: [/usr/local/include]
    add: [/opt/ohpc/pub/compiler/gcc/12.2.0/include]
    add: [/opt/ohpc/pub/compiler/gcc/12.2.0/lib/gcc/x86_64-pc-linux-gnu/12.2.0/include-fixed]
    add: [/usr/include]
  end of search list found
  collapse include dir [/opt/ohpc/pub/compiler/gcc/12.2.0/lib/gcc/x86_64-pc-linux-gnu/12.2.0/include] ==> [/opt/ohpc/pub/compiler/gcc/12.2.0/lib/gcc/x86_64-pc-linux-gnu/12.2.0/include]
  collapse include dir [/usr/local/include] ==> [/usr/local/include]
  collapse include dir [/opt/ohpc/pub/compiler/gcc/12.2.0/include] ==> [/opt/ohpc/pub/compiler/gcc/12.2.0/include]
  collapse include dir [/opt/ohpc/pub/compiler/gcc/12.2.0/lib/gcc/x86_64-pc-linux-gnu/12.2.0/include-fixed] ==> [/opt/ohpc/pub/compiler/gcc/12.2.0/lib/gcc/x86_64-pc-linux-gnu/12.2.0/include-fixed]
  collapse include dir [/usr/include] ==> [/usr/include]
  implicit include dirs: [/opt/ohpc/pub/compiler/gcc/12.2.0/lib/gcc/x86_64-pc-linux-gnu/12.2.0/include;/usr/local/include;/opt/ohpc/pub/compiler/gcc/12.2.0/include;/opt/ohpc/pub/compiler/gcc/12.2.0/lib/gcc/x86_64-pc-linux-gnu/12.2.0/include-fixed;/usr/include]


Parsed C implicit link information from above output:
  link line regex: [^( *|.*[/\])(ld|CMAKE_LINK_STARTFILE-NOTFOUND|([^/\]+-)?ld|collect2)[^/\]*( |$)]
  ignore line: [Change Dir: /home/o.nedobiychuk/project1/build/CMakeFiles/CMakeTmp]
  ignore line: []
  ignore line: [Run Build Command(s):/usr/bin/gmake -f Makefile cmTC_f2bee/fast && /usr/bin/gmake  -f CMakeFiles/cmTC_f2bee.dir/build.make CMakeFiles/cmTC_f2bee.dir/build]
  ignore line: [gmake[1]: Entering directory '/home/o.nedobiychuk/project1/build/CMakeFiles/CMakeTmp']
  ignore line: [Building C object CMakeFiles/cmTC_f2bee.dir/CMakeCCompilerABI.c.o]
  ignore line: [/opt/ohpc/pub/compiler/gcc/12.2.0/bin/cc   -v -o CMakeFiles/cmTC_f2bee.dir/CMakeCCompilerABI.c.o -c /usr/share/cmake/Modules/CMakeCCompilerABI.c]
  ignore line: [Using built-in specs.]
  ignore line: [COLLECT_GCC=/opt/ohpc/pub/compiler/gcc/12.2.0/bin/cc]
  ignore line: [Target: x86_64-pc-linux-gnu]
  ignore line: [Configured with: ../configure --disable-multilib --enable-languages=c c++ fortran --prefix=/opt/ohpc/pub/compiler/gcc/12.2.0 --disable-static --enable-shared]
  ignore line: [Thread model: posix]
  ignore line: [Supported LTO compression algorithms: zlib]
  ignore line: [gcc version 12.2.0 (GCC) ]
  ignore line: [COLLECT_GCC_OPTIONS='-v' '-o' 'CMakeFiles/cmTC_f2bee.dir/CMakeCCompilerABI.c.o' '-c' '-mtune=generic' '-march=x86-64' '-dumpdir' 'CMakeFiles/cmTC_f2bee.dir/']
  ignore line: [ /opt/ohpc/pub/compiler/gcc/12.2.0/libexec/gcc/x86_64-pc-linux-gnu/12.2.0/cc1 -quiet -v /usr/share/cmake/Modules/CMakeCCompilerABI.c -quiet -dumpdir CMakeFiles/cmTC_f2bee.dir/ -dumpbase CMakeCCompilerABI.c.c -dumpbase-ext .c -mtune=generic -march=x86-64 -version -o /tmp/cchh2aB2.s]
  ignore line: [GNU C17 (GCC) version 12.2.0 (x86_64-pc-linux-gnu)]
  ignore line: [	compiled by GNU C version 12.2.0  GMP version 6.2.1  MPFR version 4.1.0  MPC version 1.2.1  isl version none]
  ignore line: [GGC heuristics: --param ggc-min-expand=100 --param ggc-min-heapsize=131072]
  ignore line: [ignoring nonexistent directory "/opt/ohpc/pub/compiler/gcc/12.2.0/lib/gcc/x86_64-pc-linux-gnu/12.2.0/../../../../x86_64-pc-linux-gnu/include"]
  ignore line: [#include "..." search starts here:]
  ignore line: [#include <...> search starts here:]
  ignore line: [ /opt/ohpc/pub/compiler/gcc/12.2.0/lib/gcc/x86_64-pc-linux-gnu/12.2.0/include]
  ignore line: [ /usr/local/include]
  ignore line: [ /opt/ohpc/pub/compiler/gcc/12.2.0/include]
  ignore line: [ /opt/ohpc/pub/compiler/gcc/12.2.0/lib/gcc/x86_64-pc-linux-gnu/12.2.0/include-fixed]
  ignore line: [ /usr/include]
  ignore line: [End of search list.]
  ignore line: [GNU C17 (GCC) version 12.2.0 (x86_64-pc-linux-gnu)]
  ignore line: [	compiled by GNU C version 12.2.0  GMP version 6.2.1  MPFR version 4.1.0  MPC version 1.2.1  isl version none]
  ignore line: [GGC heuristics: --param ggc-min-expand=100 --param ggc-min-heapsize=131072]
  ignore line: [Compiler executable checksum: 1f891a89b6864e20402ed7217e2e9305]
  ignore line: [COLLECT_GCC_OPTIONS='-v' '-o' 'CMakeFiles/cmTC_f2bee.dir/CMakeCCompilerABI.c.o' '-c' '-mtune=generic' '-march=x86-64' '-dumpdir' 'CMakeFiles/cmTC_f2bee.dir/']
  ignore line: [ as -v --64 -o CMakeFiles/cmTC_f2bee.dir/CMakeCCompilerABI.c.o /tmp/cchh2aB2.s]
  ignore line: [GNU assembler version 2.35.2 (x86_64-redhat-linux) using BFD version version 2.35.2-42.el9]
  ignore line: [COMPILER_PATH=/opt/ohpc/pub/compiler/gcc/12.2.0/libexec/gcc/x86_64-pc-linux-gnu/12.2.0/:/opt/ohpc/pub/compiler/gcc/12.2.0/libexec/gcc/x86_64-pc-linux-gnu/12.2.0/:/opt/ohpc/pub/compiler/gcc/12.2.0/libexec/gcc/x86_64-pc-linux-gnu/:/opt/ohpc/pub/compiler/gcc/12.2.0/lib/gcc/x86_64-pc-linux-gnu/12.2.0/:/opt/ohpc/pub/compiler/gcc/12.2.0/lib/gcc/x86_64-pc-linux-gnu/]
  ignore line: [LIBRARY_PATH=/opt/ohpc/pub/compiler/gcc/12.2.0/lib/gcc/x86_64-pc-linux-gnu/12.2.0/:/opt/ohpc/pub/compiler/gcc/12.2.0/lib/gcc/x86_64-pc-linux-gnu/12.2.0/../../../../lib64/:/lib/../lib64/:/usr/lib/../lib64/:/opt/ohpc/pub/compiler/gcc/12.2.0/lib/gcc/x86_64-pc-linux-gnu/12.2.0/../../../:/lib/:/usr/lib/]
  ignore line: [COLLECT_GCC_OPTIONS='-v' '-o' 'CMakeFiles/cmTC_f2bee.dir/CMakeCCompilerABI.c.o' '-c' '-mtune=generic' '-march=x86-64' '-dumpdir' 'CMakeFiles/cmTC_f2bee.dir/CMakeCCompilerABI.c.']
  ignore line: [Linking C executable cmTC_f2bee]
  ignore line: [/usr/bin/cmake -E cmake_link_script CMakeFiles/cmTC_f2bee.dir/link.txt --verbose=1]
  ignore line: [/opt/ohpc/pub/compiler/gcc/12.2.0/bin/cc  -v CMakeFiles/cmTC_f2bee.dir/CMakeCCompilerABI.c.o -o cmTC_f2bee ]
  ignore line: [Using built-in specs.]
  ignore line: [COLLECT_GCC=/opt/ohpc/pub/compiler/gcc/12.2.0/bin/cc]
  ignore line: [COLLECT_LTO_WRAPPER=/opt/ohpc/pub/compiler/gcc/12.2.0/libexec/gcc/x86_64-pc-linux-gnu/12.2.0/lto-wrapper]
  ignore line: [Target: x86_64-pc-linux-gnu]
  ignore line: [Configured with: ../configure --disable-multilib --enable-languages=c c++ fortran --prefix=/opt/ohpc/pub/compiler/gcc/12.2.0 --disable-static --enable-shared]
  ignore line: [Thread model: posix]
  ignore line: [Supported LTO compression algorithms: zlib]
  ignore line: [gcc version 12.2.0 (GCC) ]
  ignore line: [COMPILER_PATH=/opt/ohpc/pub/compiler/gcc/12.2.0/libexec/gcc/x86_64-pc-linux-gnu/12.2.0/:/opt/ohpc/pub/compiler/gcc/12.2.0/libexec/gcc/x86_64-pc-linux-gnu/12.2.0/:/opt/ohpc/pub/compiler/gcc/12.2.0/libexec/gcc/x86_64-pc-linux-gnu/:/opt/ohpc/pub/compiler/gcc/12.2.0/lib/gcc/x86_64-pc-linux-gnu/12.2.0/:/opt/ohpc/pub/compiler/gcc/12.2.0/lib/gcc/x86_64-pc-linux-gnu/]
  ignore line: [LIBRARY_PATH=/opt/ohpc/pub/compiler/gcc/12.2.0/lib/gcc/x86_64-pc-linux-gnu/12.2.0/:/opt/ohpc/pub/compiler/gcc/12.2.0/lib/gcc/x86_64-pc-linux-gnu/12.2.0/../../../../lib64/:/lib/../lib64/:/usr/lib/../lib64/:/opt/ohpc/pub/compiler/gcc/12.2.0/lib/gcc/x86_64-pc-linux-gnu/12.2.0/../../../:/lib/:/usr/lib/]
  ignore line: [COLLECT_GCC_OPTIONS='-v' '-o' 'cmTC_f2bee' '-mtune=generic' '-march=x86-64' '-dumpdir' 'cmTC_f2bee.']
  link line: [ /opt/ohpc/pub/compiler/gcc/12.2.0/libexec/gcc/x86_64-pc-linux-gnu/12.2.0/collect2 -plugin /opt/ohpc/pub/compiler/gcc/12.2.0/libexec/gcc/x86_64-pc-linux-gnu/12.2.0/liblto_plugin.so -plugin-opt=/opt/ohpc/pub/compiler/gcc/12.2.0/libexec/gcc/x86_64-pc-linux-gnu/12.2.0/lto-wrapper -plugin-opt=-fresolution=/tmp/ccLFUQ7p.res -plugin-opt=-pass-through=-lgcc -plugin-opt=-pass-through=-lgcc_s -plugin-opt=-pass-through=-lc -plugin-opt=-pass-through=-lgcc -plugin-opt=-pass-through=-lgcc_s --eh-frame-hdr -m elf_x86_64 -dynamic-linker /lib64/ld-linux-x86-64.so.2 -o cmTC_f2bee /lib/../lib64/crt1.o /lib/../lib64/crti.o /opt/ohpc/pub/compiler/gcc/12.2.0/lib/gcc/x86_64-pc-linux-gnu/12.2.0/crtbegin.o -L/opt/ohpc/pub/compiler/gcc/12.2.0/lib/gcc/x86_64-pc-linux-gnu/12.2.0 -L/opt/ohpc/pub/compiler/gcc/12.2.0/lib/gcc/x86_64-pc-linux-gnu/12.2.0/../../../../lib64 -L/lib/../lib64 -L/usr/lib/../lib64 -L/opt/ohpc/pub/compiler/gcc/12.2.0/lib/gcc/x86_64-pc-linux-gnu/12.2.0/../../.. CMakeFiles/cmTC_f2bee.dir/CMakeCCompilerABI.c.o -lgcc --push-state --as-needed -lgcc_s --pop-state -lc -lgcc --push-state --as-needed -lgcc_s --pop-state /opt/ohpc/pub/compiler/gcc/12.2.0/lib/gcc/x86_64-pc-linux-gnu/12.2.0/crtend.o /lib/../lib64/crtn.o]
    arg [/opt/ohpc/pub/compiler/gcc/12.2.0/libexec/gcc/x86_64-pc-linux-gnu/12.2.0/collect2] ==> ignore
    arg [-plugin] ==> ignore
    arg [/opt/ohpc/pub/compiler/gcc/12.2.0/libexec/gcc/x86_64-pc-linux-gnu/12.2.0/liblto_plugin.so] ==> ignore
    arg [-plugin-opt=/opt/ohpc/pub/compiler/gcc/12.2.0/libexec/gcc/x86_64-pc-linux-gnu/12.2.0/lto-wrapper] ==> ignore
    arg [-plugin-opt=-fresolution=/tmp/ccLFUQ7p.res] ==> ignore
    arg [-plugin-opt=-pass-through=-lgcc] ==> ignore
    arg [-plugin-opt=-pass-through=-lgcc_s] ==> ignore
    arg [-plugin-opt=-pass-through=-lc] ==> ignore
    arg [-plugin-opt=-pass-through=-lgcc] ==> ignore
    arg [-plugin-opt=-pass-through=-lgcc_s] ==> ignore
    arg [--eh-frame-hdr] ==> ignore
    arg [-m] ==> ignore
    arg [elf_x86_64] ==> ignore
    arg [-dynamic-linker] ==> ignore
    arg [/lib64/ld-linux-x86-64.so.2] ==> ignore
    arg [-o] ==> ignore
    arg [cmTC_f2bee] ==> ignore
    arg [/lib/../lib64/crt1.o] ==> obj [/lib/../lib64/crt1.o]
    arg [/lib/../lib64/crti.o] ==> obj [/lib/../lib64/crti.o]
    arg [/opt/ohpc/pub/compiler/gcc/12.2.0/lib/gcc/x86_64-pc-linux-gnu/12.2.0/crtbegin.o] ==> obj [/opt/ohpc/pub/compiler/gcc/12.2.0/lib/gcc/x86_64-pc-linux-gnu/12.2.0/crtbegin.o]
    arg [-L/opt/ohpc/pub/compiler/gcc/12.2.0/lib/gcc/x86_64-pc-linux-gnu/12.2.0] ==> dir [/opt/ohpc/pub/compiler/gcc/12.2.0/lib/gcc/x86_64-pc-linux-gnu/12.2.0]
    arg [-L/opt/ohpc/pub/compiler/gcc/12.2.0/lib/gcc/x86_64-pc-linux-gnu/12.2.0/../../../../lib64] ==> dir [/opt/ohpc/pub/compiler/gcc/12.2.0/lib/gcc/x86_64-pc-linux-gnu/12.2.0/../../../../lib64]
    arg [-L/lib/../lib64] ==> dir [/lib/../lib64]
    arg [-L/usr/lib/../lib64] ==> dir [/usr/lib/../lib64]
    arg [-L/opt/ohpc/pub/compiler/gcc/12.2.0/lib/gcc/x86_64-pc-linux-gnu/12.2.0/../../..] ==> dir [/opt/ohpc/pub/compiler/gcc/12.2.0/lib/gcc/x86_64-pc-linux-gnu/12.2.0/../../..]
    arg [CMakeFiles/cmTC_f2bee.dir/CMakeCCompilerABI.c.o] ==> ignore
    arg [-lgcc] ==> lib [gcc]
    arg [--push-state] ==> ignore
    arg [--as-needed] ==> ignore
    arg [-lgcc_s] ==> lib [gcc_s]
    arg [--pop-state] ==> ignore
    arg [-lc] ==> lib [c]
    arg [-lgcc] ==> lib [gcc]
    arg [--push-state] ==> ignore
    arg [--as-needed] ==> ignore
    arg [-lgcc_s] ==> lib [gcc_s]
    arg [--pop-state] ==> ignore
    arg [/opt/ohpc/pub/compiler/gcc/12.2.0/lib/gcc/x86_64-pc-linux-gnu/12.2.0/crtend.o] ==> obj [/opt/ohpc/pub/compiler/gcc/12.2.0/lib/gcc/x86_64-pc-linux-gnu/12.2.0/crtend.o]
    arg [/lib/../lib64/crtn.o] ==> obj [/lib/../lib64/crtn.o]
  collapse obj [/lib/../lib64/crt1.o] ==> [/lib64/crt1.o]
  collapse obj [/lib/../lib64/crti.o] ==> [/lib64/crti.o]
  collapse obj [/lib/../lib64/crtn.o] ==> [/lib64/crtn.o]
  collapse library dir [/opt/ohpc/pub/compiler/gcc/12.2.0/lib/gcc/x86_64-pc-linux-gnu/12.2.0] ==> [/opt/ohpc/pub/compiler/gcc/12.2.0/lib/gcc/x86_64-pc-linux-gnu/12.2.0]
  collapse library dir [/opt/ohpc/pub/compiler/gcc/12.2.0/lib/gcc/x86_64-pc-linux-gnu/12.2.0/../../../../lib64] ==> [/opt/ohpc/pub/compiler/gcc/12.2.0/lib64]
  collapse library dir [/lib/../lib64] ==> [/lib64]
  collapse library dir [/usr/lib/../lib64] ==> [/usr/lib64]
  collapse library dir [/opt/ohpc/pub/compiler/gcc/12.2.0/lib/gcc/x86_64-pc-linux-gnu/12.2.0/../../..] ==> [/opt/ohpc/pub/compiler/gcc/12.2.0/lib]
  implicit libs: [gcc;gcc_s;c;gcc;gcc_s]
  implicit objs: [/lib64/crt1.o;/lib64/crti.o;/opt/ohpc/pub/compiler/gcc/12.2.0/lib/gcc/x86_64-pc-linux-gnu/12.2.0/crtbegin.o;/opt/ohpc/pub/compiler/gcc/12.2.0/lib/gcc/x86_64-pc-linux-gnu/12.2.0/crtend.o;/lib64/crtn.o]
  implicit dirs: [/opt/ohpc/pub/compiler/gcc/12.2.0/lib/gcc/x86_64-pc-linux-gnu/12.2.0;/opt/ohpc/pub/compiler/gcc/12.2.0/lib64;/lib64;/usr/lib64;/opt/ohpc/pub/compiler/gcc/12.2.0/lib]
  implicit fwks: []


Detecting CXX compiler ABI info compiled with the following output:
Change Dir: /home/o.nedobiychuk/project1/build/CMakeFiles/CMakeTmp

Run Build Command(s):/usr/bin/gmake -f Makefile cmTC_aa2cb/fast && /usr/bin/gmake  -f CMakeFiles/cmTC_aa2cb.dir/build.make CMakeFiles/cmTC_aa2cb.dir/build
gmake[1]: Entering directory '/home/o.nedobiychuk/project1/build/CMakeFiles/CMakeTmp'
Building CXX object CMakeFiles/cmTC_aa2cb.dir/CMakeCXXCompilerABI.cpp.o
/opt/ohpc/pub/compiler/gcc/12.2.0/bin/c++   -v -o CMakeFiles/cmTC_aa2cb.dir/CMakeCXXCompilerABI.cpp.o -c /usr/share/cmake/Modules/CMakeCXXCompilerABI.cpp
Using built-in specs.
COLLECT_GCC=/opt/ohpc/pub/compiler/gcc/12.2.0/bin/c++
Target: x86_64-pc-linux-gnu
Configured with: ../configure --disable-multilib --enable-languages=c,c++,fortran --prefix=/opt/ohpc/pub/compiler/gcc/12.2.0 --disable-static --enable-shared
Thread model: posix
Supported LTO compression algorithms: zlib
gcc version 12.2.0 (GCC) 
COLLECT_GCC_OPTIONS='-v' '-o' 'CMakeFiles/cmTC_aa2cb.dir/CMakeCXXCompilerABI.cpp.o' '-c' '-shared-libgcc' '-mtune=generic' '-march=x86-64' '-dumpdir' 'CMakeFiles/cmTC_aa2cb.dir/'
 /opt/ohpc/pub/compiler/gcc/12.2.0/libexec/gcc/x86_64-pc-linux-gnu/12.2.0/cc1plus -quiet -v -D_GNU_SOURCE /usr/share/cmake/Modules/CMakeCXXCompilerABI.cpp -quiet -dumpdir CMakeFiles/cmTC_aa2cb.dir/ -dumpbase CMakeCXXCompilerABI.cpp.cpp -dumpbase-ext .cpp -mtune=generic -march=x86-64 -version -o /tmp/ccWiLXXL.s
GNU C++17 (GCC) version 12.2.0 (x86_64-pc-linux-gnu)
	compiled by GNU C version 12.2.0, GMP version 6.2.1, MPFR version 4.1.0, MPC version 1.2.1, isl version none
GGC heuristics: --param ggc-min-expand=100 --param ggc-min-heapsize=131072
ignoring nonexistent directory "/opt/ohpc/pub/compiler/gcc/12.2.0/lib/gcc/x86_64-pc-linux-gnu/12.2.0/../../../../x86_64-pc-linux-gnu/include"
#include "..." search starts here:
#include <...> search starts here:
 /opt/ohpc/pub/compiler/gcc/12.2.0/lib/gcc/x86_64-pc-linux-gnu/12.2.0/../../../../include/c++/12.2.0
 /opt/ohpc/pub/compiler/gcc/12.2.0/lib/gcc/x86_64-pc-linux-gnu/12.2.0/../../../../include/c++/12.2.0/x86_64-pc-linux-gnu
 /opt/ohpc/pub/compiler/gcc/12.2.0/lib/gcc/x86_64-pc-linux-gnu/12.2.0/../../../../include/c++/12.2.0/backward
 /opt/ohpc/pub/compiler/gcc/12.2.0/lib/gcc/x86_64-pc-linux-gnu/12.2.0/include
 /usr/local/include
 /opt/ohpc/pub/compiler/gcc/12.2.0/include
 /opt/ohpc/pub/compiler/gcc/12.2.0/lib/gcc/x86_64-pc-linux-gnu/12.2.0/include-fixed
 /usr/include
End of search list.
GNU C++17 (GCC) version 12.2.0 (x86_64-pc-linux-gnu)
	compiled by GNU C version 12.2.0, GMP version 6.2.1, MPFR version 4.1.0, MPC version 1.2.1, isl version none
GGC heuristics: --param ggc-min-expand=100 --param ggc-min-heapsize=131072
Compiler executable checksum: cb981596dcd73de358822be1db61b25b
COLLECT_GCC_OPTIONS='-v' '-o' 'CMakeFiles/cmTC_aa2cb.dir/CMakeCXXCompilerABI.cpp.o' '-c' '-shared-libgcc' '-mtune=generic' '-march=x86-64' '-dumpdir' 'CMakeFiles/cmTC_aa2cb.dir/'
 as -v --64 -o CMakeFiles/cmTC_aa2cb.dir/CMakeCXXCompilerABI.cpp.o /tmp/ccWiLXXL.s
GNU assembler version 2.35.2 (x86_64-redhat-linux) using BFD version version 2.35.2-42.el9
COMPILER_PATH=/opt/ohpc/pub/compiler/gcc/12.2.0/libexec/gcc/x86_64-pc-linux-gnu/12.2.0/:/opt/ohpc/pub/compiler/gcc/12.2.0/libexec/gcc/x86_64-pc-linux-gnu/12.2.0/:/opt/ohpc/pub/compiler/gcc/12.2.0/libexec/gcc/x86_64-pc-linux-gnu/:/opt/ohpc/pub/compiler/gcc/12.2.0/lib/gcc/x86_64-pc-linux-gnu/12.2.0/:/opt/ohpc/pub/compiler/gcc/12.2.0/lib/gcc/x86_64-pc-linux-gnu/
LIBRARY_PATH=/opt/ohpc/pub/compiler/gcc/12.2.0/lib/gcc/x86_64-pc-linux-gnu/12.2.0/:/opt/ohpc/pub/compiler/gcc/12.2.0/lib/gcc/x86_64-pc-linux-gnu/12.2.0/../../../../lib64/:/lib/../lib64/:/usr/lib/../lib64/:/opt/ohpc/pub/compiler/gcc/12.2.0/lib/gcc/x86_64-pc-linux-gnu/12.2.0/../../../:/lib/:/usr/lib/
COLLECT_GCC_OPTIONS='-v' '-o' 'CMakeFiles/cmTC_aa2cb.dir/CMakeCXXCompilerABI.cpp.o' '-c' '-shared-libgcc' '-mtune=generic' '-march=x86-64' '-dumpdir' 'CMakeFiles/cmTC_aa2cb.dir/CMakeCXXCompilerABI.cpp.'
Linking CXX executable cmTC_aa2cb
/usr/bin/cmake -E cmake_link_script CMakeFiles/cmTC_aa2cb.dir/link.txt --verbose=1
/opt/ohpc/pub/compiler/gcc/12.2.0/bin/c++  -v CMakeFiles/cmTC_aa2cb.dir/CMakeCXXCompilerABI.cpp.o -o cmTC_aa2cb 
Using built-in specs.
COLLECT_GCC=/opt/ohpc/pub/compiler/gcc/12.2.0/bin/c++
COLLECT_LTO_WRAPPER=/opt/ohpc/pub/compiler/gcc/12.2.0/libexec/gcc/x86_64-pc-linux-gnu/12.2.0/lto-wrapper
Target: x86_64-pc-linux-gnu
Configured with: ../configure --disable-multilib --enable-languages=c,c++,fortran --prefix=/opt/ohpc/pub/compiler/gcc/12.2.0 --disable-static --enable-shared
Thread model: posix
Supported LTO compression algorithms: zlib
gcc version 12.2.0 (GCC) 
COMPILER_PATH=/opt/ohpc/pub/compiler/gcc/12.2.0/libexec/gcc/x86_64-pc-linux-gnu/12.2.0/:/opt/ohpc/pub/compiler/gcc/12.2.0/libexec/gcc/x86_64-pc-linux-gnu/12.2.0/:/opt/ohpc/pub/compiler/gcc/12.2.0/libexec/gcc/x86_64-pc-linux-gnu/:/opt/ohpc/pub/compiler/gcc/12.2.0/lib/gcc/x86_64-pc-linux-gnu/12.2.0/:/opt/ohpc/pub/compiler/gcc/12.2.0/lib/gcc/x86_64-pc-linux-gnu/
LIBRARY_PATH=/opt/ohpc/pub/compiler/gcc/12.2.0/lib/gcc/x86_64-pc-linux-gnu/12.2.0/:/opt/ohpc/pub/compiler/gcc/12.2.0/lib/gcc/x86_64-pc-linux-gnu/12.2.0/../../../../lib64/:/lib/../lib64/:/usr/lib/../lib64/:/opt/ohpc/pub/compiler/gcc/12.2.0/lib/gcc/x86_64-pc-linux-gnu/12.2.0/../../../:/lib/:/usr/lib/
COLLECT_GCC_OPTIONS='-v' '-o' 'cmTC_aa2cb' '-shared-libgcc' '-mtune=generic' '-march=x86-64' '-dumpdir' 'cmTC_aa2cb.'
 /opt/ohpc/pub/compiler/gcc/12.2.0/libexec/gcc/x86_64-pc-linux-gnu/12.2.0/collect2 -plugin /opt/ohpc/pub/compiler/gcc/12.2.0/libexec/gcc/x86_64-pc-linux-gnu/12.2.0/liblto_plugin.so -plugin-opt=/opt/ohpc/pub/compiler/gcc/12.2.0/libexec/gcc/x86_64-pc-linux-gnu/12.2.0/lto-wrapper -plugin-opt=-fresolution=/tmp/cccBvgtT.res -plugin-opt=-pass-through=-lgcc_s -plugin-opt=-pass-through=-lgcc -plugin-opt=-pass-through=-lc -plugin-opt=-pass-through=-lgcc_s -plugin-opt=-pass-through=-lgcc --eh-frame-hdr -m elf_x86_64 -dynamic-linker /lib64/ld-linux-x86-64.so.2 -o cmTC_aa2cb /lib/../lib64/crt1.o /lib/../lib64/crti.o /opt/ohpc/pub/compiler/gcc/12.2.0/lib/gcc/x86_64-pc-linux-gnu/12.2.0/crtbegin.o -L/opt/ohpc/pub/compiler/gcc/12.2.0/lib/gcc/x86_64-pc-linux-gnu/12.2.0 -L/opt/ohpc/pub/compiler/gcc/12.2.0/lib/gcc/x86_64-pc-linux-gnu/12.2.0/../../../../lib64 -L/lib/../lib64 -L/usr/lib/../lib64 -L/opt/ohpc/pub/compiler/gcc/12.2.0/lib/gcc/x86_64-pc-linux-gnu/12.2.0/../../.. CMakeFiles/cmTC_aa2cb.dir/CMakeCXXCompilerABI.cpp.o -lstdc++ -lm -lgcc_s -lgcc -lc -lgcc_s -lgcc /opt/ohpc/pub/compiler/gcc/12.2.0/lib/gcc/x86_64-pc-linux-gnu/12.2.0/crtend.o /lib/../lib64/crtn.o
COLLECT_GCC_OPTIONS='-v' '-o' 'cmTC_aa2cb' '-shared-libgcc' '-mtune=generic' '-march=x86-64' '-dumpdir' 'cmTC_aa2cb.'
gmake[1]: Leaving directory '/home/o.nedobiychuk/project1/build/CMakeFiles/CMakeTmp'



Parsed CXX implicit include dir info from above output: rv=done
  found start of include info
  found start of implicit include info
    add: [/opt/ohpc/pub/compiler/gcc/12.2.0/lib/gcc/x86_64-pc-linux-gnu/12.2.0/../../../../include/c++/12.2.0]
    add: [/opt/ohpc/pub/compiler/gcc/12.2.0/lib/gcc/x86_64-pc-linux-gnu/12.2.0/../../../../include/c++/12.2.0/x86_64-pc-linux-gnu]
    add: [/opt/ohpc/pub/compiler/gcc/12.2.0/lib/gcc/x86_64-pc-linux-gnu/12.2.0/../../../../include/c++/12.2.0/backward]
    add: [/opt/ohpc/pub/compiler/gcc/12.2.0/lib/gcc/x86_64-pc-linux-gnu/12.2.0/include]
    add: [/usr/local/include]
    add: [/opt/ohpc/pub/compiler/gcc/12.2.0/include]
    add: [/opt/ohpc/pub/compiler/gcc/12.2.0/lib/gcc/x86_64-pc-linux-gnu/12.2.0/include-fixed]
    add: [/usr/include]
  end of search list found
  collapse include dir [/opt/ohpc/pub/compiler/gcc/12.2.0/lib/gcc/x86_64-pc-linux-gnu/12.2.0/../../../../include/c++/12.2.0] ==> [/opt/ohpc/pub/compiler/gcc/12.2.0/include/c++/12.2.0]
  collapse include dir [/opt/ohpc/pub/compiler/gcc/12.2.0/lib/gcc/x86_64-pc-linux-gnu/12.2.0/../../../../include/c++/12.2.0/x86_64-pc-linux-gnu] ==> [/opt/ohpc/pub/compiler/gcc/12.2.0/include/c++/12.2.0/x86_64-pc-linux-gnu]
  collapse include dir [/opt/ohpc/pub/compiler/gcc/12.2.0/lib/gcc/x86_64-pc-linux-gnu/12.2.0/../../../../include/c++/12.2.0/backward] ==> [/opt/ohpc/pub/compiler/gcc/12.2.0/include/c++/12.2.0/backward]
  collapse include dir [/opt/ohpc/pub/compiler/gcc/12.2.0/lib/gcc/x86_64-pc-linux-gnu/12.2.0/include] ==> [/opt/ohpc/pub/compiler/gcc/12.2.0/lib/gcc/x86_64-pc-linux-gnu/12.2.0/include]
  collapse include dir [/usr/local/include] ==> [/usr/local/include]
  collapse include dir [/opt/ohpc/pub/compiler/gcc/12.2.0/include] ==> [/opt/ohpc/pub/compiler/gcc/12.2.0/include]
  collapse include dir [/opt/ohpc/pub/compiler/gcc/12.2.0/lib/gcc/x86_64-pc-linux-gnu/12.2.0/include-fixed] ==> [/opt/ohpc/pub/compiler/gcc/12.2.0/lib/gcc/x86_64-pc-linux-gnu/12.2.0/include-fixed]
  collapse include dir [/usr/include] ==> [/usr/include]
  implicit include dirs: [/opt/ohpc/pub/compiler/gcc/12.2.0/include/c++/12.2.0;/opt/ohpc/pub/compiler/gcc/12.2.0/include/c++/12.2.0/x86_64-pc-linux-gnu;/opt/ohpc/pub/compiler/gcc/12.2.0/include/c++/12.2.0/backward;/opt/ohpc/pub/compiler/gcc/12.2.0/lib/gcc/x86_64-pc-linux-gnu/12.2.0/include;/usr/local/include;/opt/ohpc/pub/compiler/gcc/12.2.0/include;/opt/ohpc/pub/compiler/gcc/12.2.0/lib/gcc/x86_64-pc-linux-gnu/12.2.0/include-fixed;/usr/include]


Parsed CXX implicit link information from above output:
  link line regex: [^( *|.*[/\])(ld|CMAKE_LINK_STARTFILE-NOTFOUND|([^/\]+-)?ld|collect2)[^/\]*( |$)]
  ignore line: [Change Dir: /home/o.nedobiychuk/project1/build/CMakeFiles/CMakeTmp]
  ignore line: []
  ignore line: [Run Build Command(s):/usr/bin/gmake -f Makefile cmTC_aa2cb/fast && /usr/bin/gmake  -f CMakeFiles/cmTC_aa2cb.dir/build.make CMakeFiles/cmTC_aa2cb.dir/build]
  ignore line: [gmake[1]: Entering directory '/home/o.nedobiychuk/project1/build/CMakeFiles/CMakeTmp']
  ignore line: [Building CXX object CMakeFiles/cmTC_aa2cb.dir/CMakeCXXCompilerABI.cpp.o]
  ignore line: [/opt/ohpc/pub/compiler/gcc/12.2.0/bin/c++   -v -o CMakeFiles/cmTC_aa2cb.dir/CMakeCXXCompilerABI.cpp.o -c /usr/share/cmake/Modules/CMakeCXXCompilerABI.cpp]
  ignore line: [Using built-in specs.]
  ignore line: [COLLECT_GCC=/opt/ohpc/pub/compiler/gcc/12.2.0/bin/c++]
  ignore line: [Target: x86_64-pc-linux-gnu]
  ignore line: [Configured with: ../configure --disable-multilib --enable-languages=c c++ fortran --prefix=/opt/ohpc/pub/compiler/gcc/12.2.0 --disable-static --enable-shared]
  ignore line: [Thread model: posix]
  ignore line: [Supported LTO compression algorithms: zlib]
  ignore line: [gcc version 12.2.0 (GCC) ]
  ignore line: [COLLECT_GCC_OPTIONS='-v' '-o' 'CMakeFiles/cmTC_aa2cb.dir/CMakeCXXCompilerABI.cpp.o' '-c' '-shared-libgcc' '-mtune=generic' '-march=x86-64' '-dumpdir' 'CMakeFiles/cmTC_aa2cb.dir/']
  ignore line: [ /opt/ohpc/pub/compiler/gcc/12.2.0/libexec/gcc/x86_64-pc-linux-gnu/12.2.0/cc1plus -quiet -v -D_GNU_SOURCE /usr/share/cmake/Modules/CMakeCXXCompilerABI.cpp -quiet -dumpdir CMakeFiles/cmTC_aa2cb.dir/ -dumpbase CMakeCXXCompilerABI.cpp.cpp -dumpbase-ext .cpp -mtune=generic -march=x86-64 -version -o /tmp/ccWiLXXL.s]
  ignore line: [GNU C++17 (GCC) version 12.2.0 (x86_64-pc-linux-gnu)]
  ignore line: [	compiled by GNU C version 12.2.0  GMP version 6.2.1  MPFR version 4.1.0  MPC version 1.2.1  isl version none]
  ignore line: [GGC heuristics: --param ggc-min-expand=100 --param ggc-min-heapsize=131072]
  ignore line: [ignoring nonexistent directory "/opt/ohpc/pub/compiler/gcc/12.2.0/lib/gcc/x86_64-pc-linux-gnu/12.2.0/../../../../x86_64-pc-linux-gnu/include"]
  ignore line: [#include "..." search starts here:]
  ignore line: [#include <...> search starts here:]
  ignore line: [ /opt/ohpc/pub/compiler/gcc/12.2.0/lib/gcc/x86_64-pc-linux-gnu/12.2.0/../../../../include/c++/12.2.0]
  ignore line: [ /opt/ohpc/pub/compiler/gcc/12.2.0/lib/gcc/x86_64-pc-linux-gnu/12.2.0/../../../../include/c++/12.2.0/x86_64-pc-linux-gnu]
  ignore line: [ /opt/ohpc/pub/compiler/gcc/12.2.0/lib/gcc/x86_64-pc-linux-gnu/12.2.0/../../../../include/c++/12.2.0/backward]
  ignore line: [ /opt/ohpc/pub/compiler/gcc/12.2.0/lib/gcc/x86_64-pc-linux-gnu/12.2.0/include]
  ignore line: [ /usr/local/include]
  ignore line: [ /opt/ohpc/pub/compiler/gcc/12.2.0/include]
  ignore line: [ /opt/ohpc/pub/compiler/gcc/12.2.0/lib/gcc/x86_64-pc-linux-gnu/12.2.0/include-fixed]
  ignore line: [ /usr/include]
  ignore line: [End of search list.]
  ignore line: [GNU C++17 (GCC) version 12.2.0 (x86_64-pc-linux-gnu)]
  ignore line: [	compiled by GNU C version 12.2.0  GMP version 6.2.1  MPFR version 4.1.0  MPC version 1.2.1  isl version none]
  ignore line: [GGC heuristics: --param ggc-min-expand=100 --param ggc-min-heapsize=131072]
  ignore line: [Compiler executable checksum: cb981596dcd73de358822be1db61b25b]
  ignore line: [COLLECT_GCC_OPTIONS='-v' '-o' 'CMakeFiles/cmTC_aa2cb.dir/CMakeCXXCompilerABI.cpp.o' '-c' '-shared-libgcc' '-mtune=generic' '-march=x86-64' '-dumpdir' 'CMakeFiles/cmTC_aa2cb.dir/']
  ignore line: [ as -v --64 -o CMakeFiles/cmTC_aa2cb.dir/CMakeCXXCompilerABI.cpp.o /tmp/ccWiLXXL.s]
  ignore line: [GNU assembler version 2.35.2 (x86_64-redhat-linux) using BFD version version 2.35.2-42.el9]
  ignore line: [COMPILER_PATH=/opt/ohpc/pub/compiler/gcc/12.2.0/libexec/gcc/x86_64-pc-linux-gnu/12.2.0/:/opt/ohpc/pub/compiler/gcc/12.2.0/libexec/gcc/x86_64-pc-linux-gnu/12.2.0/:/opt/ohpc/pub/compiler/gcc/12.2.0/libexec/gcc/x86_64-pc-linux-gnu/:/opt/ohpc/pub/compiler/gcc/12.2.0/lib/gcc/x86_64-pc-linux-gnu/12.2.0/:/opt/ohpc/pub/compiler/gcc/12.2.0/lib/gcc/x86_64-pc-linux-gnu/]
  ignore line: [LIBRARY_PATH=/opt/ohpc/pub/compiler/gcc/12.2.0/lib/gcc/x86_64-pc-linux-gnu/12.2.0/:/opt/ohpc/pub/compiler/gcc/12.2.0/lib/gcc/x86_64-pc-linux-gnu/12.2.0/../../../../lib64/:/lib/../lib64/:/usr/lib/../lib64/:/opt/ohpc/pub/compiler/gcc/12.2.0/lib/gcc/x86_64-pc-linux-gnu/12.2.0/../../../:/lib/:/usr/lib/]
  ignore line: [COLLECT_GCC_OPTIONS='-v' '-o' 'CMakeFiles/cmTC_aa2cb.dir/CMakeCXXCompilerABI.cpp.o' '-c' '-shared-libgcc' '-mtune=generic' '-march=x86-64' '-dumpdir' 'CMakeFiles/cmTC_aa2cb.dir/CMakeCXXCompilerABI.cpp.']
  ignore line: [Linking CXX executable cmTC_aa2cb]
  ignore line: [/usr/bin/cmake -E cmake_link_script CMakeFiles/cmTC_aa2cb.dir/link.txt --verbose=1]
  ignore line: [/opt/ohpc/pub/compiler/gcc/12.2.0/bin/c++  -v CMakeFiles/cmTC_aa2cb.dir/CMakeCXXCompilerABI.cpp.o -o cmTC_aa2cb ]
  ignore line: [Using built-in specs.]
  ignore line: [COLLECT_GCC=/opt/ohpc/pub/compiler/gcc/12.2.0/bin/c++]
  ignore line: [COLLECT_LTO_WRAPPER=/opt/ohpc/pub/compiler/gcc/12.2.0/libexec/gcc/x86_64-pc-linux-gnu/12.2.0/lto-wrapper]
  ignore line: [Target: x86_64-pc-linux-gnu]
  ignore line: [Configured with: ../configure --disable-multilib --enable-languages=c c++ fortran --prefix=/opt/ohpc/pub/compiler/gcc/12.2.0 --disable-static --enable-shared]
  ignore line: [Thread model: posix]
  ignore line: [Supported LTO compression algorithms: zlib]
  ignore line: [gcc version 12.2.0 (GCC) ]
  ignore line: [COMPILER_PATH=/opt/ohpc/pub/compiler/gcc/12.2.0/libexec/gcc/x86_64-pc-linux-gnu/12.2.0/:/opt/ohpc/pub/compiler/gcc/12.2.0/libexec/gcc/x86_64-pc-linux-gnu/12.2.0/:/opt/ohpc/pub/compiler/gcc/12.2.0/libexec/gcc/x86_64-pc-linux-gnu/:/opt/ohpc/pub/compiler/gcc/12.2.0/lib/gcc/x86_64-pc-linux-gnu/12.2.0/:/opt/ohpc/pub/compiler/gcc/12.2.0/lib/gcc/x86_64-pc-linux-gnu/]
  ignore line: [LIBRARY_PATH=/opt/ohpc/pub/compiler/gcc/12.2.0/lib/gcc/x86_64-pc-linux-gnu/12.2.0/:/opt/ohpc/pub/compiler/gcc/12.2.0/lib/gcc/x86_64-pc-linux-gnu/12.2.0/../../../../lib64/:/lib/../lib64/:/usr/lib/../lib64/:/opt/ohpc/pub/compiler/gcc/12.2.0/lib/gcc/x86_64-pc-linux-gnu/12.2.0/../../../:/lib/:/usr/lib/]
  ignore line: [COLLECT_GCC_OPTIONS='-v' '-o' 'cmTC_aa2cb' '-shared-libgcc' '-mtune=generic' '-march=x86-64' '-dumpdir' 'cmTC_aa2cb.']
  link line: [ /opt/ohpc/pub/compiler/gcc/12.2.0/libexec/gcc/x86_64-pc-linux-gnu/12.2.0/collect2 -plugin /opt/ohpc/pub/compiler/gcc/12.2.0/libexec/gcc/x86_64-pc-linux-gnu/12.2.0/liblto_plugin.so -plugin-opt=/opt/ohpc/pub/compiler/gcc/12.2.0/libexec/gcc/x86_64-pc-linux-gnu/12.2.0/lto-wrapper -plugin-opt=-fresolution=/tmp/cccBvgtT.res -plugin-opt=-pass-through=-lgcc_s -plugin-opt=-pass-through=-lgcc -plugin-opt=-pass-through=-lc -plugin-opt=-pass-through=-lgcc_s -plugin-opt=-pass-through=-lgcc --eh-frame-hdr -m elf_x86_64 -dynamic-linker /lib64/ld-linux-x86-64.so.2 -o cmTC_aa2cb /lib/../lib64/crt1.o /lib/../lib64/crti.o /opt/ohpc/pub/compiler/gcc/12.2.0/lib/gcc/x86_64-pc-linux-gnu/12.2.0/crtbegin.o -L/opt/ohpc/pub/compiler/gcc/12.2.0/lib/gcc/x86_64-pc-linux-gnu/12.2.0 -L/opt/ohpc/pub/compiler/gcc/12.2.0/lib/gcc/x86_64-pc-linux-gnu/12.2.0/../../../../lib64 -L/lib/../lib64 -L/usr/lib/../lib64 -L/opt/ohpc/pub/compiler/gcc/12.2.0/lib/gcc/x86_64-pc-linux-gnu/12.2.0/../../.. CMakeFiles/cmTC_aa2cb.dir/CMakeCXXCompilerABI.cpp.o -lstdc++ -lm -lgcc_s -lgcc -lc -lgcc_s -lgcc /opt/ohpc/pub/compiler/gcc/12.2.0/lib/gcc/x86_64-pc-linux-gnu/12.2.0/crtend.o /lib/../lib64/crtn.o]
    arg [/opt/ohpc/pub/compiler/gcc/12.2.0/libexec/gcc/x86_64-pc-linux-gnu/12.2.0/collect2] ==> ignore
    arg [-plugin] ==> ignore
    arg [/opt/ohpc/pub/compiler/gcc/12.2.0/libexec/gcc/x86_64-pc-linux-gnu/12.2.0/liblto_plugin.so] ==> ignore
    arg [-plugin-opt=/opt/ohpc/pub/compiler/gcc/12.2.0/libexec/gcc/x86_64-pc-linux-gnu/12.2.0/lto-wrapper] ==> ignore
    arg [-plugin-opt=-fresolution=/tmp/cccBvgtT.res] ==> ignore
    arg [-plugin-opt=-pass-through=-lgcc_s] ==> ignore
    arg [-plugin-opt=-pass-through=-lgcc] ==> ignore
    arg [-plugin-opt=-pass-through=-lc] ==> ignore
    arg [-plugin-opt=-pass-through=-lgcc_s] ==> ignore
    arg [-plugin-opt=-pass-through=-lgcc] ==> ignore
    arg [--eh-frame-hdr] ==> ignore
    arg [-m] ==> ignore
    arg [elf_x86_64] ==> ignore
    arg [-dynamic-linker] ==> ignore
    arg [/lib64/ld-linux-x86-64.so.2] ==> ignore
    arg [-o] ==> ignore
    arg [cmTC_aa2cb] ==> ignore
    arg [/lib/../lib64/crt1.o] ==> obj [/lib/../lib64/crt1.o]
    arg [/lib/../lib64/crti.o] ==> obj [/lib/../lib64/crti.o]
    arg [/opt/ohpc/pub/compiler/gcc/12.2.0/lib/gcc/x86_64-pc-linux-gnu/12.2.0/crtbegin.o] ==> obj [/opt/ohpc/pub/compiler/gcc/12.2.0/lib/gcc/x86_64-pc-linux-gnu/12.2.0/crtbegin.o]
    arg [-L/opt/ohpc/pub/compiler/gcc/12.2.0/lib/gcc/x86_64-pc-linux-gnu/12.2.0] ==> dir [/opt/ohpc/pub/compiler/gcc/12.2.0/lib/gcc/x86_64-pc-linux-gnu/12.2.0]
    arg [-L/opt/ohpc/pub/compiler/gcc/12.2.0/lib/gcc/x86_64-pc-linux-gnu/12.2.0/../../../../lib64] ==> dir [/opt/ohpc/pub/compiler/gcc/12.2.0/lib/gcc/x86_64-pc-linux-gnu/12.2.0/../../../../lib64]
    arg [-L/lib/../lib64] ==> dir [/lib/../lib64]
    arg [-L/usr/lib/../lib64] ==> dir [/usr/lib/../lib64]
    arg [-L/opt/ohpc/pub/compiler/gcc/12.2.0/lib/gcc/x86_64-pc-linux-gnu/12.2.0/../../..] ==> dir [/opt/ohpc/pub/compiler/gcc/12.2.0/lib/gcc/x86_64-pc-linux-gnu/12.2.0/../../..]
    arg [CMakeFiles/cmTC_aa2cb.dir/CMakeCXXCompilerABI.cpp.o] ==> ignore
    arg [-lstdc++] ==> lib [stdc++]
    arg [-lm] ==> lib [m]
    arg [-lgcc_s] ==> lib [gcc_s]
    arg [-lgcc] ==> lib [gcc]
    arg [-lc] ==> lib [c]
    arg [-lgcc_s] ==> lib [gcc_s]
    arg [-lgcc] ==> lib [gcc]
    arg [/opt/ohpc/pub/compiler/gcc/12.2.0/lib/gcc/x86_64-pc-linux-gnu/12.2.0/crtend.o] ==> obj [/opt/ohpc/pub/compiler/gcc/12.2.0/lib/gcc/x86_64-pc-linux-gnu/12.2.0/crtend.o]
    arg [/lib/../lib64/crtn.o] ==> obj [/lib/../lib64/crtn.o]
  collapse obj [/lib/../lib64/crt1.o] ==> [/lib64/crt1.o]
  collapse obj [/lib/../lib64/crti.o] ==> [/lib64/crti.o]
  collapse obj [/lib/../lib64/crtn.o] ==> [/lib64/crtn.o]
  collapse library dir [/opt/ohpc/pub/compiler/gcc/12.2.0/lib/gcc/x86_64-pc-linux-gnu/12.2.0] ==> [/opt/ohpc/pub/compiler/gcc/12.2.0/lib/gcc/x86_64-pc-linux-gnu/12.2.0]
  collapse library dir [/opt/ohpc/pub/compiler/gcc/12.2.0/lib/gcc/x86_64-pc-linux-gnu/12.2.0/../../../../lib64] ==> [/opt/ohpc/pub/compiler/gcc/12.2.0/lib64]
  collapse library dir [/lib/../lib64] ==> [/lib64]
  collapse library dir [/usr/lib/../lib64] ==> [/usr/lib64]
  collapse library dir [/opt/ohpc/pub/compiler/gcc/12.2.0/lib/gcc/x86_64-pc-linux-gnu/12.2.0/../../..] ==> [/opt/ohpc/pub/compiler/gcc/12.2.0/lib]
  implicit libs: [stdc++;m;gcc_s;gcc;c;gcc_s;gcc]
  implicit objs: [/lib64/crt1.o;/lib64/crti.o;/opt/ohpc/pub/compiler/gcc/12.2.0/lib/gcc/x86_64-pc-linux-gnu/12.2.0/crtbegin.o;/opt/ohpc/pub/compiler/gcc/12.2.0/lib/gcc/x86_64-pc-linux-gnu/12.2.0/crtend.o;/lib64/crtn.o]
  implicit dirs: [/opt/ohpc/pub/compiler/gcc/12.2.0/lib/gcc/x86_64-pc-linux-gnu/12.2.0;/opt/ohpc/pub/compiler/gcc/12.2.0/lib64;/lib64;/usr/lib64;/opt/ohpc/pub/compiler/gcc/12.2.0/lib]
  implicit fwks: []


